Active-HDL 11.1.262.7351 2021-05-03 15:12:23

Elaboration top modules:
Architecture                  structure(Array_Multiplier)


------------------------------------------------------------------------------------------------------------------------------
Entity           | Architecture | Library                              | Info | Compiler Version        | Compilation Options
------------------------------------------------------------------------------------------------------------------------------
Array_Multiplier | structure    | Array_Multiplier_modifiedBaughWooley |      | 11.1.262.7351 (Windows) | -O3
Full_Adder       | structure    | Array_Multiplier_modifiedBaughWooley |      | 11.1.262.7351 (Windows) | -O3
------------------------------------------------------------------------------------------------------------------------------

------------------------------------------------------------------------------------------------------------------------------
VHDL Package                    | Library                              | Info | Compiler Version        | Compilation Options
------------------------------------------------------------------------------------------------------------------------------
standard                        | std                                  |      |                         | <unavailable>
TEXTIO                          | std                                  |      |                         | <unavailable>
std_logic_1164                  | ieee                                 |      |                         | <unavailable>
------------------------------------------------------------------------------------------------------------------------------

-----------------------------------------------------------------------------------------------------------------------------------
Library                              | Comment
-----------------------------------------------------------------------------------------------------------------------------------
Array_Multiplier_modifiedBaughWooley | None
ieee                                 | Standard IEEE packages library
std                                  | Standard VHDL library
-----------------------------------------------------------------------------------------------------------------------------------
